C51 COMPILER V9.54   MAIN                                                                  02/09/2024 23:04:42 PAGE 1   


C51 COMPILER V9.54, COMPILATION OF MODULE MAIN
OBJECT MODULE PLACED IN .\Objects\main.obj
COMPILER INVOKED BY: D:\Program Files (x86)\keli\C51\BIN\C51.EXE main.c OPTIMIZE(8,SPEED) BROWSE DEBUG OBJECTEXTEND PRIN
                    -T(.\Listings\main.lst) TABS(2) OBJECT(.\Objects\main.obj)

line level    source

   1          #include <REGX52.H>
   2          #include <intrins.h>
   3          
   4          #define MODE 2
   5          
   6          sbit LED_pin = P1^7;
   7          sbit BUTTON_pin = P1^6;
   8          
   9          void Delay1000ms(void);
  10          
  11          #if MODE == 1
              int main(void) {
                  LED_pin = 0;
                  
                  while(1) {
                      LED_pin = 1;
                      Delay1000ms();
                      LED_pin = 0;
                      Delay1000ms();
                  }
              }
              #endif
  23          
  24          #if MODE == 2
  25          int main(void) {
  26   1          LED_pin = 0;
  27   1        
  28   1          while(1) {
  29   2            BUTTON_pin = 1;
  30   2            if (BUTTON_pin == 0) {
  31   3                LED_pin = 1;
  32   3            } else {
  33   3                LED_pin = 0;
  34   3            }
  35   2          }
  36   1      }
  37          #endif
  38          
  39          void Delay1000ms(void)  //@11.0592MHz
  40          {
  41   1        unsigned char data i, j, k;
  42   1      
  43   1        _nop_();
  44   1        i = 8;
  45   1        j = 1;
  46   1        k = 243;
  47   1        do
  48   1        {
  49   2          do
  50   2          {
  51   3            while (--k);
  52   3          } while (--j);
  53   2        } while (--i);
  54   1      }
C51 COMPILER V9.54   MAIN                                                                  02/09/2024 23:04:42 PAGE 2   



MODULE INFORMATION:   STATIC OVERLAYABLE
   CODE SIZE        =     29    ----
   CONSTANT SIZE    =   ----    ----
   XDATA SIZE       =   ----    ----
   PDATA SIZE       =   ----    ----
   DATA SIZE        =   ----    ----
   IDATA SIZE       =   ----    ----
   BIT SIZE         =   ----    ----
END OF MODULE INFORMATION.


C51 COMPILATION COMPLETE.  0 WARNING(S),  0 ERROR(S)
