C51 COMPILER V9.54   MAIN                                                                  02/10/2024 22:37:32 PAGE 1   


C51 COMPILER V9.54, COMPILATION OF MODULE MAIN
OBJECT MODULE PLACED IN .\Objects\main.obj
COMPILER INVOKED BY: D:\Program Files (x86)\keli\C51\BIN\C51.EXE main.c OPTIMIZE(8,SPEED) BROWSE DEBUG OBJECTEXTEND PRIN
                    -T(.\Listings\main.lst) OBJECT(.\Objects\main.obj)

line level    source

   1          /*
   2                          板子上驱动LED与数码管的控制引脚为P0，数码管的dp口另用P2^6。
   3                          四位数码管的接地控制引脚为P2^1至P2^4，LED的接地控制引脚为P2^5。
   4                          由于IO口电流限制，同时点亮LED和数码管或数码管四位数字时LED亮度下降。
   5                          LED与数码管引脚定义存于本地目录的pin.h中
   6          */
   7          
   8          #include <REGX52.H>
   9          #include <intrins.h>
  10          #include "pin.h"
  11          
  12          
  13          //MODE变量用于程序呈现某个功能的程序
  14          //1为流水灯，2为静态循环显示数码管，3为动态显示数码管
  15          #define MODE 3
  16          
  17          void Delay1ms(void);
  18          void Delay1000ms(void);
  19          void DLEDCount(int number, int count);
  20          
  21          #if MODE == 1
              void main() {
                      int i;
                      
                      led_gio = 1;
                      dled_gio1 = 0;
                      dled_gio2 = 0;
                      dled_gio3 = 0;
                      dled_gio4 = 0;
                      
                      while(1) {
                              P0 = 0x01;
                              for (i = 0; i < 8; i++) {
                                      Delay1000ms();
                                      P0 <<= 1;
                              }
                      }
              }
              #endif
  40          
  41          #if MODE == 2
              void main() {
                      int i;
                      
                      // 初始化所有接地设置
                      led_gio = 0;
                      dled_gio1 = 0;
                      dled_gio2 = 0;
                      dled_gio3 = 0;
                      dled_gio4 = 0;
                      
                      while(1) {
                              
                              // 在for循环中利用DLEDCount显示i到数码管最左位
C51 COMPILER V9.54   MAIN                                                                  02/10/2024 22:37:32 PAGE 2   

                              for (i = 0; i < 16; i++) {
                                      DLEDCount(i, 1);
                                      Delay1000ms();
                              }
                      }
              }
              #endif
  62          
  63          #if MODE == 3
  64          void main() {
  65   1              int i;
  66   1              
  67   1              // 初始化所有接地设置
  68   1              led_gio = 0;
  69   1              dled_gio1 = 0;
  70   1              dled_gio2 = 0;
  71   1              dled_gio3 = 0;
  72   1              dled_gio4 = 0;
  73   1              
  74   1              //在while循环中设置某一位数码管显示数字，
  75   1              //延迟1毫秒后设置下一个数码管显示，实现动态显示的效果
  76   1              while(1) {
  77   2                      DLEDCount(2, 1);
  78   2                      Delay1ms();
  79   2                      DLEDCount(0, 2);
  80   2                      Delay1ms();
  81   2                      DLEDCount(2, 3);
  82   2                      Delay1ms();
  83   2                      DLEDCount(4, 4);
  84   2                      Delay1ms();
  85   2              }
  86   1      }
*** WARNING C280 IN LINE 65 OF main.c: 'i': unreferenced local variable
  87          #endif
  88          
  89          
  90          /*
  91                  让数码管显示指定数字（number为16进制）
  92                  count为指定某位的数码管（0~3)
  93          */
  94          void DLEDCount(int number, int count)
  95          {
  96   1              P2 = 1;
  97   1              
  98   1              //右移count位实现点亮某个数码管
  99   1              //即设置P2^1到P2^4的某位为1
 100   1              P2 <<= count;
 101   1              switch(number) {
 102   2                      
 103   2                      //根据number设置P0显示想要的字符
 104   2                      case 0: P0 = 63; break;
 105   2                      case 1: P0 = 6; break;
 106   2                      case 2: P0 = 91; break;
 107   2                      case 3: P0 = 79; break;
 108   2                      case 4: P0 = 102; break;
 109   2                      case 5: P0 = 109; break;
 110   2                      case 6: P0 = 125; break;
 111   2                      case 7: P0 = 7; break;
 112   2                      case 8: P0 = 127; break;
 113   2                      case 9: P0 = 111; break;
 114   2                      case 10: P0 = 119; break;
 115   2                      case 11: P0 = 124; break;
C51 COMPILER V9.54   MAIN                                                                  02/10/2024 22:37:32 PAGE 3   

 116   2                      case 12: P0 = 57; break;
 117   2                      case 13: P0 = 94; break;
 118   2                      case 14: P0 = 121; break;
 119   2                      case 15: P0 = 113; break;
 120   2                      
 121   2                      //其他情况显示H（超出显示范围）
 122   2                      default: P0 = 118; break;
 123   2              }
 124   1      }
 125          
 126          void Delay1ms(void)     //@11.0592MHz
 127          {
 128   1              unsigned char data i, j;
 129   1      
 130   1              _nop_();
 131   1              _nop_();
 132   1              _nop_();
 133   1              i = 11;
 134   1              j = 190;
 135   1              do
 136   1              {
 137   2                      while (--j);
 138   2              } while (--i);
 139   1      }
 140          
 141          
 142          void Delay1000ms(void)  //@11.0592MHz
 143          {
 144   1              unsigned char data i, j, k;
 145   1      
 146   1              _nop_();
 147   1              i = 8;
 148   1              j = 1;
 149   1              k = 243;
 150   1              do
 151   1              {
 152   2                      do
 153   2                      {
 154   3                              while (--k);
 155   3                      } while (--j);
 156   2              } while (--i);
 157   1      }


MODULE INFORMATION:   STATIC OVERLAYABLE
   CODE SIZE        =    234    ----
   CONSTANT SIZE    =   ----    ----
   XDATA SIZE       =   ----    ----
   PDATA SIZE       =   ----    ----
   DATA SIZE        =   ----       2
   IDATA SIZE       =   ----    ----
   BIT SIZE         =   ----    ----
END OF MODULE INFORMATION.


C51 COMPILATION COMPLETE.  1 WARNING(S),  0 ERROR(S)
