C51 COMPILER V9.54   MAIN                                                                  02/14/2024 21:47:46 PAGE 1   


C51 COMPILER V9.54, COMPILATION OF MODULE MAIN
OBJECT MODULE PLACED IN .\Objects\main.obj
COMPILER INVOKED BY: D:\Program Files (x86)\keli\C51\BIN\C51.EXE main.c OPTIMIZE(8,SPEED) BROWSE DEBUG OBJECTEXTEND PRIN
                    -T(.\Listings\main.lst) OBJECT(.\Objects\main.obj)

line level    source

   1          #include "head.h"
   2          
   3          void main() {
   4   1              u16 password;
   5   1              u16 i;
   6   1              while(1) {
   7   2                      password = ReadPassword();
   8   2                      
   9   2                      while(1) {
  10   3                              if (password == ReadPassword()) {
  11   4                                      for (i = 0; i < 100; i++) {
  12   5                                              DLEDCount(21, 1);
  13   5                                              Delay1ms();
  14   5                                              DLEDCount(21, 2);
  15   5                                              Delay1ms();
  16   5                                              DLEDCount(21, 3);
  17   5                                              Delay1ms();
  18   5                                              DLEDCount(21, 4);
  19   5                                              Delay1ms();
  20   5                                      }
  21   4                                      break;
  22   4                              }       
  23   3                      }
  24   2              }
  25   1      }
  26          
  27          
  28          u16 ReadPassword() {
  29   1              u8 i = 1;
  30   1              u16 durat = 0;
  31   1              u16 password = 0x0000;
  32   1              u8 button;
  33   1              
  34   1              while(i <= 4) {
  35   2                      ShowNumber(password);
  36   2                      if ((button = ButtonCheck()) != 0) {
  37   3                              button--;
  38   3                              password += button << (16 - 4*i);
  39   3                              for (durat = 0; durat < 10; durat++) {
  40   4                                      ShowNumber(password);
  41   4                              }
  42   3                              i++;
  43   3                      }
  44   2              }
  45   1              
  46   1              return password;
  47   1      }
  48                          
  49                          
  50                          
  51          
  52          void ShowNumber(u16 number) {
  53   1              u16 cache;
  54   1              u8 i;
C51 COMPILER V9.54   MAIN                                                                  02/14/2024 21:47:46 PAGE 2   

  55   1              
  56   1              for (i = 0; i < 16; i+=4) {
  57   2                      cache = number<<i;
  58   2                      cache >>= 12;
  59   2                      DLEDCount(cache, i/4 + 1);
  60   2                      Delay1ms();
  61   2              }
  62   1      }
  63          
  64          /*
  65                  检查当前按下按钮，返回1-16，位置如板上所示，为从左到右自上而下
  66                  通过给行列对应的八个引脚分两组，分别拉高后
  67                  再检测被拉低引脚，来检测被按下的按钮
  68          */
  69          u8 ButtonCheck() {
  70   1              u8 row;
  71   1              u8 column;
  72   1              
  73   1              P1 = 0x0f;
  74   1              row = P1 ^ 0x0f;
  75   1              
  76   1              switch(row) {
  77   2                      case 1: row = 0; break;
  78   2                      case 2: row = 1; break;
  79   2                      case 4: row = 2; break;
  80   2                      case 8: row = 3; break;
  81   2              }
  82   1              
  83   1              P1 = 0xf0;
  84   1              column = P1 ^ 0xf0;
  85   1              column >>= 4;
  86   1              
  87   1              switch(column) {
  88   2                      case 1: column = 1; break;
  89   2                      case 2: column = 2; break;
  90   2                      case 4: column = 3; break;
  91   2                      case 8: column = 4; break;
  92   2              }
  93   1              
  94   1              return row * 4 + column;
  95   1      }
  96          
  97          
  98          void DLEDCount(int number, int count)
  99          {
 100   1              P2 = 1;
 101   1              
 102   1              //右移count位实现点亮某个数码管
 103   1              //即设置P2^1到P2^4的某位为1
 104   1              P2 <<= count;
 105   1              switch(number) {
 106   2                      
 107   2                      //根据number设置P0显示想要的字符
 108   2                      case 0: P0 = 63; break;
 109   2                      case 1: P0 = 6; break;
 110   2                      case 2: P0 = 91; break;
 111   2                      case 3: P0 = 79; break;
 112   2                      case 4: P0 = 102; break;
 113   2                      case 5: P0 = 109; break;
 114   2                      case 6: P0 = 125; break;
 115   2                      case 7: P0 = 7; break;
 116   2                      case 8: P0 = 127; break;
C51 COMPILER V9.54   MAIN                                                                  02/14/2024 21:47:46 PAGE 3   

 117   2                      case 9: P0 = 111; break;
 118   2                      case 10: P0 = 119; break;
 119   2                      case 11: P0 = 124; break;
 120   2                      case 12: P0 = 57; break;
 121   2                      case 13: P0 = 94; break;
 122   2                      case 14: P0 = 121; break;
 123   2                      case 15: P0 = 113; break;
 124   2                      
 125   2                      //其他情况显示H（超出显示范围）
 126   2                      default: P0 = 118; break;
 127   2                      case 20: P0 = 0; break;
 128   2                      case 21: P0 = 8; break;
 129   2              }
 130   1      }
 131          
 132          void Delay1ms(void)     //@11.0592MHz
 133          {
 134   1              unsigned char data i, j;
 135   1      
 136   1              _nop_();
 137   1              _nop_();
 138   1              _nop_();
 139   1              i = 11;
 140   1              j = 190;
 141   1              do
 142   1              {
 143   2                      while (--j);
 144   2              } while (--i);
 145   1      }
 146          
 147          void Delay1000ms(void)  //@11.0592MHz
 148          {
 149   1              unsigned char data i, j, k;
 150   1      
 151   1              _nop_();
 152   1              i = 8;
 153   1              j = 1;
 154   1              k = 243;
 155   1              do
 156   1              {
 157   2                      do
 158   2                      {
 159   3                              while (--k);
 160   3                      } while (--j);
 161   2              } while (--i);
 162   1      }


MODULE INFORMATION:   STATIC OVERLAYABLE
   CODE SIZE        =    557    ----
   CONSTANT SIZE    =   ----    ----
   XDATA SIZE       =   ----    ----
   PDATA SIZE       =   ----    ----
   DATA SIZE        =   ----      14
   IDATA SIZE       =   ----    ----
   BIT SIZE         =   ----    ----
END OF MODULE INFORMATION.


C51 COMPILATION COMPLETE.  0 WARNING(S),  0 ERROR(S)
